2024-04-13T23:01:37+00:00 NOTICE webhooks :: Ran plugin updater
2024-04-13T23:06:37+00:00 NOTICE sync_store :: posting data :: Array
(
    [store_post] => Array
        (
            [id] => 661b0ecee4386
            [is_syncing] => 
            [platform] => woocommerce
            [list_id] => 33ba849e0e
            [name] => Pandora's Box
            [domain] => http://localhost:8080/ProyectoGHW
            [email_address] => henry.alonzo23@itca.edu.sv
            [currency_code] => USD
            [money_format] => $
            [primary_locale] => en_US
            [timezone] => +00:00
            [phone] => 60058731
            [address] => Array
                (
                    [address1] => Calle siemrpe vivsa
                    [city] => Chalchuapa
                    [province] => SV-SS
                    [postal_code] => 0203
                    [country] => SV
                    [country_code] => SV
                    [phone] => 60058731
                    [company] => Pandora's Box
                )

        )

)

2024-04-13T23:06:42+00:00 NOTICE sync_store :: posting data :: Array
(
    [store_post] => Array
        (
            [id] => 661b0ecee4386
            [is_syncing] => 
            [platform] => woocommerce
            [list_id] => 33ba849e0e
            [name] => Pandora's Box
            [domain] => http://localhost:8080/ProyectoGHW
            [email_address] => henry.alonzo23@itca.edu.sv
            [currency_code] => USD
            [money_format] => $
            [primary_locale] => en_US
            [timezone] => +00:00
            [phone] => 60058731
            [address] => Array
                (
                    [address1] => Calle siemrpe vivsa
                    [city] => Chalchuapa
                    [province] => SV-SS
                    [postal_code] => 0203
                    [country] => SV
                    [country_code] => SV
                    [phone] => 60058731
                    [company] => Pandora's Box
                )

        )

)

2024-04-13T23:06:44+00:00 NOTICE admin :: updated GDPR fields :: Array
(
    [fields] => Array
        (
        )

)

2024-04-13T23:06:45+00:00 NOTICE sync_store :: posting data :: Array
(
    [store_post] => Array
        (
            [id] => 661b0ecee4386
            [is_syncing] => 
            [platform] => woocommerce
            [list_id] => 33ba849e0e
            [name] => Pandora's Box
            [domain] => http://localhost:8080/ProyectoGHW
            [email_address] => henry.alonzo23@itca.edu.sv
            [currency_code] => USD
            [money_format] => $
            [primary_locale] => en_US
            [timezone] => +00:00
            [phone] => 60058731
            [address] => Array
                (
                    [address1] => Calle siemrpe vivsa
                    [city] => Chalchuapa
                    [province] => SV-SS
                    [postal_code] => 0203
                    [country] => SV
                    [country_code] => SV
                    [phone] => 60058731
                    [company] => Pandora's Box
                )

        )

)

2024-04-13T23:06:47+00:00 NOTICE admin :: updated GDPR fields :: Array
(
    [fields] => Array
        (
        )

)

2024-04-13T23:06:47+00:00 NOTICE action_scheduler.queue_job :: MailChimp_WooCommerce_WebHooks_Sync queued
2024-04-13T23:06:47+00:00 NOTICE mailchimp-woocommerce-sync.started :: Starting Sync :: Sat, Apr 13, 2024 11:06 PM
2024-04-13T23:06:48+00:00 NOTICE action_scheduler.queue_job :: MailChimp_WooCommerce_Process_Coupons queued :: page 1
2024-04-13T23:08:07+00:00 NOTICE coupon_sync.completed :: Done with the coupon queueing.
2024-04-13T23:08:07+00:00 NOTICE sync.full_sync_manager.queue :: Starting PRODUCTS queueing.
2024-04-13T23:08:07+00:00 NOTICE action_scheduler.queue_job :: MailChimp_WooCommerce_Process_Products queued :: page 1
2024-04-13T23:08:07+00:00 NOTICE action_scheduler.queue_job :: MailChimp_WooCommerce_Process_Products queued :: page 2
2024-04-13T23:08:07+00:00 NOTICE action_scheduler.queue_job :: MailChimp_WooCommerce_Single_Product queued :: obj_id 79
2024-04-13T23:08:07+00:00 NOTICE action_scheduler.queue_job :: MailChimp_WooCommerce_Single_Product queued :: obj_id 86
2024-04-13T23:08:07+00:00 NOTICE action_scheduler.queue_job :: MailChimp_WooCommerce_Single_Product queued :: obj_id 95
2024-04-13T23:08:07+00:00 NOTICE action_scheduler.queue_job :: MailChimp_WooCommerce_Single_Product queued :: obj_id 109
2024-04-13T23:08:07+00:00 NOTICE action_scheduler.queue_job :: MailChimp_WooCommerce_Single_Product queued :: obj_id 112
2024-04-13T23:08:07+00:00 NOTICE action_scheduler.queue_job :: MailChimp_WooCommerce_Single_Product queued :: obj_id 115
2024-04-13T23:08:07+00:00 NOTICE action_scheduler.queue_job :: MailChimp_WooCommerce_Single_Product queued :: obj_id 121
2024-04-13T23:08:07+00:00 NOTICE action_scheduler.queue_job :: MailChimp_WooCommerce_Single_Product queued :: obj_id 132
2024-04-13T23:08:07+00:00 NOTICE action_scheduler.queue_job :: MailChimp_WooCommerce_Single_Product queued :: obj_id 142
2024-04-13T23:08:07+00:00 NOTICE action_scheduler.queue_job :: MailChimp_WooCommerce_Single_Product queued :: obj_id 157
2024-04-13T23:08:07+00:00 NOTICE action_scheduler.queue_job :: MailChimp_WooCommerce_Single_Product queued :: obj_id 160
2024-04-13T23:08:07+00:00 NOTICE action_scheduler.queue_job :: MailChimp_WooCommerce_Single_Product queued :: obj_id 169
2024-04-13T23:08:07+00:00 NOTICE action_scheduler.queue_job :: MailChimp_WooCommerce_Single_Product queued :: obj_id 194
2024-04-13T23:08:07+00:00 NOTICE action_scheduler.queue_job :: MailChimp_WooCommerce_Single_Product queued :: obj_id 209
2024-04-13T23:08:07+00:00 NOTICE action_scheduler.queue_job :: MailChimp_WooCommerce_Single_Product queued :: obj_id 210
2024-04-13T23:08:07+00:00 NOTICE action_scheduler.queue_job :: MailChimp_WooCommerce_Single_Product queued :: obj_id 211
2024-04-13T23:08:07+00:00 NOTICE action_scheduler.queue_job :: MailChimp_WooCommerce_Single_Product queued :: obj_id 212
2024-04-13T23:08:07+00:00 NOTICE action_scheduler.queue_job :: MailChimp_WooCommerce_Single_Product queued :: obj_id 229
2024-04-13T23:08:07+00:00 NOTICE action_scheduler.queue_job :: MailChimp_WooCommerce_Single_Product queued :: obj_id 242
2024-04-13T23:08:07+00:00 NOTICE action_scheduler.queue_job :: MailChimp_WooCommerce_Single_Product queued :: obj_id 247
2024-04-13T23:08:07+00:00 NOTICE action_scheduler.queue_job :: MailChimp_WooCommerce_Single_Product queued :: obj_id 252
2024-04-13T23:08:07+00:00 NOTICE action_scheduler.queue_job :: MailChimp_WooCommerce_Single_Product queued :: obj_id 307
2024-04-13T23:08:07+00:00 NOTICE action_scheduler.queue_job :: MailChimp_WooCommerce_Single_Product queued :: obj_id 316
2024-04-13T23:08:07+00:00 NOTICE action_scheduler.queue_job :: MailChimp_WooCommerce_Single_Product queued :: obj_id 324
2024-04-13T23:08:07+00:00 NOTICE action_scheduler.queue_job :: MailChimp_WooCommerce_Single_Product queued :: obj_id 340
2024-04-13T23:08:07+00:00 NOTICE action_scheduler.queue_job :: MailChimp_WooCommerce_Single_Product queued :: obj_id 345
2024-04-13T23:08:07+00:00 NOTICE action_scheduler.queue_job :: MailChimp_WooCommerce_Single_Product queued :: obj_id 349
2024-04-13T23:08:07+00:00 NOTICE action_scheduler.queue_job :: MailChimp_WooCommerce_Single_Product queued :: obj_id 360
2024-04-13T23:08:07+00:00 NOTICE action_scheduler.queue_job :: MailChimp_WooCommerce_Single_Product queued :: obj_id 361
2024-04-13T23:08:07+00:00 NOTICE action_scheduler.queue_job :: MailChimp_WooCommerce_Single_Product queued :: obj_id 362
2024-04-13T23:08:07+00:00 NOTICE action_scheduler.queue_job :: MailChimp_WooCommerce_Single_Product queued :: obj_id 375
2024-04-13T23:08:09+00:00 NOTICE product_sync.completed :: Done with the product queuing
2024-04-13T23:08:10+00:00 NOTICE product_submit.success :: addStoreProduct :: #79
2024-04-13T23:08:11+00:00 NOTICE product_submit.success :: addStoreProduct :: #86
2024-04-13T23:08:12+00:00 NOTICE product_submit.success :: addStoreProduct :: #95
2024-04-13T23:08:14+00:00 NOTICE product_submit.success :: addStoreProduct :: #109
2024-04-13T23:08:15+00:00 NOTICE product_submit.success :: addStoreProduct :: #112
2024-04-13T23:08:16+00:00 NOTICE product_submit.success :: addStoreProduct :: #115
2024-04-13T23:08:17+00:00 NOTICE product_submit.success :: addStoreProduct :: #121
2024-04-13T23:08:18+00:00 NOTICE product_submit.success :: addStoreProduct :: #132
2024-04-13T23:08:19+00:00 NOTICE product_submit.success :: addStoreProduct :: #142
2024-04-13T23:08:20+00:00 NOTICE product_submit.success :: addStoreProduct :: #157
2024-04-13T23:08:22+00:00 NOTICE product_submit.success :: addStoreProduct :: #160
2024-04-13T23:08:23+00:00 NOTICE product_submit.success :: addStoreProduct :: #169
2024-04-13T23:08:24+00:00 NOTICE product_submit.success :: addStoreProduct :: #194
2024-04-13T23:08:25+00:00 NOTICE product_submit.success :: addStoreProduct :: #209
2024-04-13T23:08:26+00:00 NOTICE product_submit.success :: addStoreProduct :: #210
2024-04-13T23:08:28+00:00 NOTICE product_submit.success :: addStoreProduct :: #211
2024-04-13T23:08:29+00:00 NOTICE product_submit.success :: addStoreProduct :: #212
2024-04-13T23:08:38+00:00 NOTICE product_submit.success :: addStoreProduct :: #229
2024-04-13T23:08:39+00:00 NOTICE product_submit.success :: addStoreProduct :: #242
2024-04-13T23:08:40+00:00 NOTICE product_submit.success :: addStoreProduct :: #247
2024-04-13T23:08:41+00:00 NOTICE product_submit.success :: addStoreProduct :: #252
2024-04-13T23:08:43+00:00 NOTICE product_submit.success :: addStoreProduct :: #307
2024-04-13T23:08:44+00:00 NOTICE product_submit.success :: addStoreProduct :: #316
2024-04-13T23:08:45+00:00 NOTICE product_submit.success :: addStoreProduct :: #324
2024-04-13T23:08:46+00:00 NOTICE product_submit.success :: addStoreProduct :: #340
2024-04-13T23:08:47+00:00 NOTICE product_submit.success :: addStoreProduct :: #345
2024-04-13T23:08:48+00:00 NOTICE product_submit.success :: addStoreProduct :: #349
2024-04-13T23:08:49+00:00 NOTICE product_submit.success :: addStoreProduct :: #360
2024-04-13T23:08:50+00:00 NOTICE product_submit.success :: addStoreProduct :: #361
2024-04-13T23:08:51+00:00 NOTICE product_submit.success :: addStoreProduct :: #362
2024-04-13T23:08:52+00:00 NOTICE product_submit.success :: addStoreProduct :: #375
2024-04-13T23:08:52+00:00 NOTICE action_scheduler.queue_job :: MailChimp_WooCommerce_Process_Orders queued :: page 1
2024-04-13T23:08:54+00:00 NOTICE order_sync.completed :: Done with the order queueing.
2024-04-13T23:09:10+00:00 NOTICE sync.completed :: Finished Sync :: Sat, Apr 13, 2024 11:09 PM (total time: 00:02:23)
2024-04-13T23:09:16+00:00 NOTICE action_scheduler.queue_job :: MailChimp_WooCommerce_WebHooks_Sync queued
2024-04-13T23:09:16+00:00 NOTICE sync :: Sync manager has finished queuing jobs and flagged the store as not syncing.
2024-04-13T23:09:25+00:00 ERROR webhook :: <p>url: Webhooks are no good without a valid URL. Please enter one.</p>
